0 info it worked if it ends with ok
1 verbose cli [ '/usr/local/bin/node', '/usr/local/bin/npm', 'start' ]
2 info using npm@3.10.10
3 info using node@v6.11.4
4 verbose run-script [ 'prestart', 'start', 'poststart' ]
5 info lifecycle otg-delivery-backend@1.0.0~prestart: otg-delivery-backend@1.0.0
6 silly lifecycle otg-delivery-backend@1.0.0~prestart: no script for prestart, continuing
7 info lifecycle otg-delivery-backend@1.0.0~start: otg-delivery-backend@1.0.0
8 verbose lifecycle otg-delivery-backend@1.0.0~start: unsafe-perm in lifecycle true
9 verbose lifecycle otg-delivery-backend@1.0.0~start: PATH: /usr/local/lib/node_modules/npm/bin/node-gyp-bin:/Users/maggielou/Documents/otg-delivery-backend/node_modules/.bin:/Library/Frameworks/Python.framework/Versions/3.6/bin:/Applications/Racket v6.12/bin:/Users/maggielou/.rvm/gems/ruby-2.3.3/bin:/Users/maggielou/.rvm/gems/ruby-2.3.3@global/bin:/Users/maggielou/.rvm/rubies/ruby-2.3.3/bin:/usr/local/bin:/usr/bin:/bin:/usr/sbin:/sbin:/usr/local/share/dotnet:/opt/X11/bin:/Library/Frameworks/Mono.framework/Versions/Current/Commands:/Applications/Wireshark.app/Contents/MacOS:/Applications/Xamarin Workbooks.app/Contents/SharedSupport/path-bin:/usr/local/mongodb/bin:/Users/maggielou/.rvm/bin:/Users/maggielou/Documents/Junit
10 verbose lifecycle otg-delivery-backend@1.0.0~start: CWD: /Users/maggielou/Documents/otg-delivery-backend
11 silly lifecycle otg-delivery-backend@1.0.0~start: Args: [ '-c', 'set NODE_ENV=dev && node index.js' ]
12 silly lifecycle otg-delivery-backend@1.0.0~start: Returned: code: 1  signal: null
13 info lifecycle otg-delivery-backend@1.0.0~start: Failed to exec start script
14 verbose stack Error: otg-delivery-backend@1.0.0 start: `set NODE_ENV=dev && node index.js`
14 verbose stack Exit status 1
14 verbose stack     at EventEmitter.<anonymous> (/usr/local/lib/node_modules/npm/lib/utils/lifecycle.js:255:16)
14 verbose stack     at emitTwo (events.js:106:13)
14 verbose stack     at EventEmitter.emit (events.js:191:7)
14 verbose stack     at ChildProcess.<anonymous> (/usr/local/lib/node_modules/npm/lib/utils/spawn.js:40:14)
14 verbose stack     at emitTwo (events.js:106:13)
14 verbose stack     at ChildProcess.emit (events.js:191:7)
14 verbose stack     at maybeClose (internal/child_process.js:920:16)
14 verbose stack     at Process.ChildProcess._handle.onexit (internal/child_process.js:230:5)
15 verbose pkgid otg-delivery-backend@1.0.0
16 verbose cwd /Users/maggielou/Documents/otg-delivery-backend
17 error Darwin 17.7.0
18 error argv "/usr/local/bin/node" "/usr/local/bin/npm" "start"
19 error node v6.11.4
20 error npm  v3.10.10
21 error code ELIFECYCLE
22 error otg-delivery-backend@1.0.0 start: `set NODE_ENV=dev && node index.js`
22 error Exit status 1
23 error Failed at the otg-delivery-backend@1.0.0 start script 'set NODE_ENV=dev && node index.js'.
23 error Make sure you have the latest version of node.js and npm installed.
23 error If you do, this is most likely a problem with the otg-delivery-backend package,
23 error not with npm itself.
23 error Tell the author that this fails on your system:
23 error     set NODE_ENV=dev && node index.js
23 error You can get information on how to open an issue for this project with:
23 error     npm bugs otg-delivery-backend
23 error Or if that isn't available, you can get their info via:
23 error     npm owner ls otg-delivery-backend
23 error There is likely additional logging output above.
24 verbose exit [ 1, true ]
